[07-06-2013 04:22:25] START
[07-06-2013 04:22:25] VENDOR_URL : www.sillymonkeysoftware.com
[07-06-2013 04:22:25] PRODUCT_DESCRIPTION : AWare Audio Extractor. Extracts audio tracks from backup disks created by Yamaha AW Professional Audio Workstations.
[07-06-2013 04:22:25] PRODUCT_DISCLAIMER : SillyMonkey Software is not affiliated with Yamaha in any way. Yamaha does not endorse, acknowledge, approve, or support this software. AW4416, AW2816, AW16G, AW2400, and AW1600 are all registered trademarks of the Yamaha Corporation.
[07-06-2013 04:22:25] PRODUCT_COPYRIGHT : Copyright 2007-2012 Jeffrey Leary. All rights reserved. Released under BSD License. See full license details included with this software.
[07-06-2013 04:22:25] PRODUCT_NAME : AWAREX
[07-06-2013 04:22:25] VENDOR_SUPPORT : sillymonkeysoftware@gmail.com
[07-06-2013 04:22:25] VENDOR_NAME : SillyMonkey Software
[07-06-2013 04:22:25] PRODUCT_DATE : 2012
[07-06-2013 04:22:25] PRODUCT_VERSION : 3.0.1
[07-06-2013 04:22:25] PRODUCT_AUTHOR : Jeff Leary
[07-06-2013 04:22:25] Progress set to 1
[07-06-2013 04:22:55] Initializing session with file E:/Documents/Development/AWBackups/AW2816/RideWithMe/A00000_0.CFS
[07-06-2013 04:22:55] *Object Name: aWFile0
*Object Class: ::AWFile
*Object Details:
*  bytes = 239294464
*  index = 0
*  max_frames = 1825
*  offset_frames = 19
*  path = E:/Documents/Development/AWBackups/AW2816/RideWithMe/A00000_0.CFS
*  previous_frames = 0
*  song_count = 1
*  this = ::AWController::aWFile0
*  type = AW2816

[07-06-2013 04:22:55] Fetching AW2816 song at index 0.
[07-06-2013 04:22:55] Fetching track at index 0 (location 359872).
[07-06-2013 04:22:55] Fetching region at location 381104.
[07-06-2013 04:22:55] *Object Name: aWRegion0
*Object Class: ::AWRegion
*Object Details:
*  frames = 0 1 2 3 4 5 6 7 8 9 10 11 12 13 14 15 16 17 18 19 20 21 22 23 24 25 26 27 28 29 30 31 32 33 34 35 36 37 38 39 40 41 42 43 44 45 46 47 48 49 50 51 52 53 54 55 56 57 58 59 60 61 62 63 64 65 66 67 68 69 70 71 72 73 74 75 76 77 78 79 80 81 82 83 84 85 86 87 88 89 90 91 92 93 94 95 96 97 98 99 100 101 102 103 104 105 106 107 108 109 110 111 112 113 114 115 116 117 118 119
*  next_region = 65535
*  offset_samples = 22
*  start_sample = 1662924
*  this = ::AWController::aWRegion0
*  total_samples = 7858176
*  id = 345
*  name = 
*  parent = ::AWController::aWTrack0
*  pointer = 0
*  type = 

[07-06-2013 04:22:55] *Object Name: aWTrack0
*Object Class: ::AWTrack
*Object Details:
*  id = 0
*  name = VO_EBDSN
*  parent = ::AWController::aWSong0
*  pointer = 345
*  type = 
*  regions = ::AWController::aWRegion0
*  start_sample = 1662924
*  this = ::AWController::aWTrack0
*  total_samples = 7858176

[07-06-2013 04:22:55] Fetching track at index 8 (location 360128).
[07-06-2013 04:22:55] Fetching region at location 381200.
[07-06-2013 04:22:55] *Object Name: aWRegion1
*Object Class: ::AWRegion
*Object Details:
*  frames = 121 122 123 124 125 126 127 128
*  next_region = 349
*  offset_samples = 22
*  start_sample = 2886612
*  this = ::AWController::aWRegion1
*  total_samples = 518144
*  id = 347
*  name = 
*  parent = ::AWController::aWTrack1
*  pointer = 121
*  type = 

[07-06-2013 04:22:55] Fetching region at location 381296.
[07-06-2013 04:22:55] *Object Name: aWRegion2
*Object Class: ::AWRegion
*Object Details:
*  frames = 130 131 132 133 134 135 136 137 138 139 140 141 142 143 144 145 146 147 148 149 150 151 152 153 154 155 156 157 158 159 160 161 162 163 164 165 166 167
*  next_region = 65535
*  offset_samples = 22
*  start_sample = 5424080
*  this = ::AWController::aWRegion2
*  total_samples = 2456576
*  id = 349
*  name = 
*  parent = ::AWController::aWTrack1
*  pointer = 130
*  type = 

[07-06-2013 04:22:55] *Object Name: aWTrack1
*Object Class: ::AWTrack
*Object Details:
*  id = 8
*  name = SLGT_CGT
*  parent = ::AWController::aWSong0
*  pointer = 347
*  type = 
*  regions = ::AWController::aWRegion1 ::AWController::aWRegion2
*  start_sample = 2886612
*  this = ::AWController::aWTrack1
*  total_samples = 4475900

[07-06-2013 04:22:55] Fetching track at index 16 (location 360384).
[07-06-2013 04:22:55] Fetching region at location 381392.
[07-06-2013 04:22:55] *Object Name: aWRegion3
*Object Class: ::AWRegion
*Object Details:
*  frames = 169 170 171 172 173 174 175 176 177 178 179 180 181 182 183 184 185 186 187 188 189 190 191 192 193 194 195 196 197 198 199 200 201 202 203 204 205 206 207 208 209 210 211 212 213 214 215 216 217 218 219 220 221 222 223 224 225 226 227 228 229 230 231 232 233 234 235 236 237 238 239 240 241 242 243 244 245 246 247 248 249 250 251 252 253 254 255 256 257 258 259 260 261 262 263 264 265 266 267 268 269 270 271 272 273 274 275 276 277 278 279 280 281 282 283 284 285 286 287 288 289 290 291 292 293 294 295 296 297 298 299 300 301 302 303 304 305 306
*  next_region = 65535
*  offset_samples = 22
*  start_sample = 888792
*  this = ::AWController::aWRegion3
*  total_samples = 9031680
*  id = 351
*  name = 
*  parent = ::AWController::aWTrack2
*  pointer = 169
*  type = 

[07-06-2013 04:22:55] *Object Name: aWTrack2
*Object Class: ::AWTrack
*Object Details:
*  id = 16
*  name = SYN_BASS
*  parent = ::AWController::aWSong0
*  pointer = 351
*  type = 
*  regions = ::AWController::aWRegion3
*  start_sample = 888792
*  this = ::AWController::aWTrack2
*  total_samples = 9031680

[07-06-2013 04:22:55] Fetching track at index 17 (location 360416).
[07-06-2013 04:22:55] Fetching region at location 385136.
[07-06-2013 04:22:55] *Object Name: aWRegion4
*Object Class: ::AWRegion
*Object Details:
*  frames = 169 170 171 172 173 174 175 176 177 178 179 180 181 182 183 184 185 186 187 188 189 190 191 192 193 194 195 196 197 198 199 200 201 202 203 204 205 206 207 208 209 210 211 212 213 214 215 216 217 218 219 220 221 222 223 224 225 226 227 228 229 230 231 232 233 234 235 236 237 238 239 240 241 242 243 244 245 246 247 248 249 250 251 252 253 254 255 256 257 258 259 260 261 262 263 264 265 266 267 268 269 270 271 272 273 274 275 276 277 278 279 280 281 282 283 284 285 286 287 288 289 290 291 292 293 294 295 296 297 298 299 300 301 302 303 304 305 306
*  next_region = 65535
*  offset_samples = 22
*  start_sample = 888792
*  this = ::AWController::aWRegion4
*  total_samples = 9031680
*  id = 429
*  name = 
*  parent = ::AWController::aWTrack3
*  pointer = 169
*  type = 

[07-06-2013 04:22:55] *Object Name: aWTrack3
*Object Class: ::AWTrack
*Object Details:
*  id = 17
*  name = E_BASS
*  parent = ::AWController::aWSong0
*  pointer = 429
*  type = 
*  regions = ::AWController::aWRegion4
*  start_sample = 888792
*  this = ::AWController::aWTrack3
*  total_samples = 9031680

[07-06-2013 04:22:55] Fetching track at index 18 (location 360448).
[07-06-2013 04:22:55] Fetching region at location 385328.
[07-06-2013 04:22:55] *Object Name: aWRegion5
*Object Class: ::AWRegion
*Object Details:
*  frames = 169 170 171 172 173 174 175 176 177 178 179 180 181 182 183 184 185 186 187 188 189 190 191 192 193 194 195 196 197 198 199 200 201 202 203 204 205 206 207 208 209 210 211 212 213 214 215 216 217 218 219 220 221 222 223 224 225 226 227 228 229 230 231 232 233 234 235 236 237 238 239 240 241 242 243 244 245 246 247 248 249 250 251 252 253 254 255 256 257 258 259 260 261 262 263 264 265 266 267 268 269 270 271 272 273 274 275 276 277 278 279 280 281 282 283 284 285 286 287 288 289 290 291 292 293 294 295 296 297 298 299 300 301 302 303 304 305 306
*  next_region = 65535
*  offset_samples = 22
*  start_sample = 888792
*  this = ::AWController::aWRegion5
*  total_samples = 9031680
*  id = 433
*  name = 
*  parent = ::AWController::aWTrack4
*  pointer = 169
*  type = 

[07-06-2013 04:22:55] *Object Name: aWTrack4
*Object Class: ::AWTrack
*Object Details:
*  id = 18
*  name = V_TR 3_3
*  parent = ::AWController::aWSong0
*  pointer = 433
*  type = 
*  regions = ::AWController::aWRegion5
*  start_sample = 888792
*  this = ::AWController::aWTrack4
*  total_samples = 9031680

[07-06-2013 04:22:55] Fetching track at index 24 (location 360640).
[07-06-2013 04:22:55] Fetching region at location 381488.
[07-06-2013 04:22:55] *Object Name: aWRegion6
*Object Class: ::AWRegion
*Object Details:
*  frames = 449 450 451 452 453 454 455 456 457 458 459 460 461 462
*  next_region = 355
*  offset_samples = 22
*  start_sample = 879576
*  this = ::AWController::aWRegion6
*  total_samples = 857088
*  id = 353
*  name = 
*  parent = ::AWController::aWTrack5
*  pointer = 449
*  type = 

[07-06-2013 04:22:55] Fetching region at location 381584.
[07-06-2013 04:22:55] *Object Name: aWRegion7
*Object Class: ::AWRegion
*Object Details:
*  frames = 465 466 467 468 469 470
*  next_region = 357
*  offset_samples = 22
*  start_sample = 2500560
*  this = ::AWController::aWRegion7
*  total_samples = 370688
*  id = 355
*  name = 
*  parent = ::AWController::aWTrack5
*  pointer = 465
*  type = 

[07-06-2013 04:22:55] Fetching region at location 381680.
[07-06-2013 04:22:55] *Object Name: aWRegion8
*Object Class: ::AWRegion
*Object Details:
*  frames = 472 473 474 475 476 477 478 479 480 481 482 483 484 485 486 487 488 489 490 491 492 493 494 495 496 497 498 499 500 501 502 503 504 505 506 507 508 509 510 511 512 513 514 515 516 517 518 519 520 521 522 523 524 525 526 527 528 529 530 531 532 533 534 535 536 537 538 539 540 541 542 543 544 545 546 547 548 549 550 551 552 553 554 555 556 557 558 559 560
*  next_region = 65535
*  offset_samples = 22
*  start_sample = 4107212
*  this = ::AWController::aWRegion8
*  total_samples = 5807104
*  id = 357
*  name = 
*  parent = ::AWController::aWTrack5
*  pointer = 472
*  type = 

[07-06-2013 04:22:55] *Object Name: aWTrack5
*Object Class: ::AWTrack
*Object Details:
*  id = 24
*  name = STRG_SCR
*  parent = ::AWController::aWSong0
*  pointer = 353
*  type = 
*  regions = ::AWController::aWRegion6 ::AWController::aWRegion7 ::AWController::aWRegion8
*  start_sample = 879576
*  this = ::AWController::aWTrack5
*  total_samples = 7900156

[07-06-2013 04:22:55] Fetching track at index 32 (location 360896).
[07-06-2013 04:22:55] Fetching region at location 381776.
[07-06-2013 04:22:55] *Object Name: aWRegion9
*Object Class: ::AWRegion
*Object Details:
*  frames = 561 562 563
*  next_region = 361
*  offset_samples = 22
*  start_sample = 4538332
*  this = ::AWController::aWRegion9
*  total_samples = 163840
*  id = 359
*  name = 
*  parent = ::AWController::aWTrack6
*  pointer = 561
*  type = 

[07-06-2013 04:22:55] Fetching region at location 381872.
[07-06-2013 04:22:55] *Object Name: aWRegion10
*Object Class: ::AWRegion
*Object Details:
*  frames = 565 566 567 568 569 570 571 572 573 574 575 576 577 578 579 580 581 582 583 584 585 586 587 588 589 590 591 592 593 594 595 596 597
*  next_region = 363
*  offset_samples = 22
*  start_sample = 5833152
*  this = ::AWController::aWRegion10
*  total_samples = 2097152
*  id = 361
*  name = 
*  parent = ::AWController::aWTrack6
*  pointer = 565
*  type = 

[07-06-2013 04:22:55] Fetching region at location 381968.
[07-06-2013 04:22:55] *Object Name: aWRegion11
*Object Class: ::AWRegion
*Object Details:
*  frames = 600 601 602
*  next_region = 65535
*  offset_samples = 22
*  start_sample = 9865172
*  this = ::AWController::aWRegion11
*  total_samples = 151552
*  id = 363
*  name = 
*  parent = ::AWController::aWTrack6
*  pointer = 600
*  type = 

[07-06-2013 04:22:55] *Object Name: aWTrack6
*Object Class: ::AWTrack
*Object Details:
*  id = 32
*  name = SAMPLERL
*  parent = ::AWController::aWSong0
*  pointer = 359
*  type = 
*  regions = ::AWController::aWRegion9 ::AWController::aWRegion10 ::AWController::aWRegion11
*  start_sample = 4538332
*  this = ::AWController::aWTrack6
*  total_samples = 2250260

[07-06-2013 04:22:55] Fetching track at index 40 (location 361152).
[07-06-2013 04:22:55] Fetching region at location 382064.
[07-06-2013 04:22:55] *Object Name: aWRegion12
*Object Class: ::AWRegion
*Object Details:
*  frames = 605 606 607
*  next_region = 367
*  offset_samples = 22
*  start_sample = 4538332
*  this = ::AWController::aWRegion12
*  total_samples = 163840
*  id = 365
*  name = 
*  parent = ::AWController::aWTrack7
*  pointer = 605
*  type = 

[07-06-2013 04:22:55] Fetching region at location 382160.
[07-06-2013 04:22:55] *Object Name: aWRegion13
*Object Class: ::AWRegion
*Object Details:
*  frames = 609 610 611 612 613 614 615 616 617 618 619 620 621 622 623 624 625 626 627 628 629 630 631 632 633 634 635 636 637 638 639 640 641
*  next_region = 369
*  offset_samples = 22
*  start_sample = 5833152
*  this = ::AWController::aWRegion13
*  total_samples = 2097152
*  id = 367
*  name = 
*  parent = ::AWController::aWTrack7
*  pointer = 609
*  type = 

[07-06-2013 04:22:55] Fetching region at location 382256.
[07-06-2013 04:22:55] *Object Name: aWRegion14
*Object Class: ::AWRegion
*Object Details:
*  frames = 644 645 646
*  next_region = 65535
*  offset_samples = 22
*  start_sample = 9865172
*  this = ::AWController::aWRegion14
*  total_samples = 151552
*  id = 369
*  name = 
*  parent = ::AWController::aWTrack7
*  pointer = 644
*  type = 

[07-06-2013 04:22:55] *Object Name: aWTrack7
*Object Class: ::AWTrack
*Object Details:
*  id = 40
*  name = SAMPLERR
*  parent = ::AWController::aWSong0
*  pointer = 365
*  type = 
*  regions = ::AWController::aWRegion12 ::AWController::aWRegion13 ::AWController::aWRegion14
*  start_sample = 4538332
*  this = ::AWController::aWTrack7
*  total_samples = 2250260

[07-06-2013 04:22:55] Fetching track at index 48 (location 361408).
[07-06-2013 04:22:55] Fetching region at location 382352.
[07-06-2013 04:22:55] *Object Name: aWRegion15
*Object Class: ::AWRegion
*Object Details:
*  frames = 649 650 651 652 653 654 655 656 657 658 659 660 661 662 663 664 665 666 667 668 669 670 671 672 673 674 675 676 677 678 679 680 681 682 683 684 685 686 687 688 689 690 691 692 693 694 695 696 697 698 699 700 701 702 703 704 705 706 707 708 709 710 711 712 713 714 715 716 717 718 719 720 721 722 723 724 725 726 727
*  next_region = 373
*  offset_samples = 22
*  start_sample = 789436
*  this = ::AWController::aWRegion15
*  total_samples = 5144576
*  id = 371
*  name = 
*  parent = ::AWController::aWTrack8
*  pointer = 649
*  type = 

[07-06-2013 04:22:55] Fetching region at location 382448.
[07-06-2013 04:22:55] *Object Name: aWRegion16
*Object Class: ::AWRegion
*Object Details:
*  frames = 729 730 731 732 733 734 735 736 737 738 739 740 741 742 743 744 745 746 747 748 749 750 751 752 753 754 755 756 757 758 759 760 761
*  next_region = 65535
*  offset_samples = 22
*  start_sample = 7786432
*  this = ::AWController::aWRegion16
*  total_samples = 2150400
*  id = 373
*  name = 
*  parent = ::AWController::aWTrack8
*  pointer = 729
*  type = 

[07-06-2013 04:22:55] *Object Name: aWTrack8
*Object Class: ::AWTrack
*Object Details:
*  id = 48
*  name = A_BD
*  parent = ::AWController::aWSong0
*  pointer = 371
*  type = 
*  regions = ::AWController::aWRegion15 ::AWController::aWRegion16
*  start_sample = 789436
*  this = ::AWController::aWTrack8
*  total_samples = 4002820

[07-06-2013 04:22:55] Fetching track at index 56 (location 361664).
[07-06-2013 04:22:55] Fetching region at location 382544.
[07-06-2013 04:22:55] *Object Name: aWRegion17
*Object Class: ::AWRegion
*Object Details:
*  frames = 763 764 765 766 767 768 769 770 771 772 773 774 775 776 777 778 779 780 781 782 783 784 785 786 787 788 789 790 791 792 793 794 795 796 797 798 799 800 801 802 803 804 805 806 807 808 809 810 811 812 813 814 815 816 817 818 819 820 821 822 823 824 825 826 827 828 829 830 831 832 833 834 835 836 837 838 839 840 841 842
*  next_region = 377
*  offset_samples = 22
*  start_sample = 772060
*  this = ::AWController::aWRegion17
*  total_samples = 5177344
*  id = 375
*  name = 
*  parent = ::AWController::aWTrack9
*  pointer = 763
*  type = 

[07-06-2013 04:22:55] Fetching region at location 382640.
[07-06-2013 04:22:55] *Object Name: aWRegion18
*Object Class: ::AWRegion
*Object Details:
*  frames = 844 845 846 847 848 849 850 851 852 853 854 855 856 857 858 859 860 861 862 863 864 865 866 867 868 869 870 871 872 873 874 875 876
*  next_region = 65535
*  offset_samples = 22
*  start_sample = 7784400
*  this = ::AWController::aWRegion18
*  total_samples = 2146304
*  id = 377
*  name = 
*  parent = ::AWController::aWTrack9
*  pointer = 844
*  type = 

[07-06-2013 04:22:55] *Object Name: aWTrack9
*Object Class: ::AWTrack
*Object Details:
*  id = 56
*  name = A_SN
*  parent = ::AWController::aWSong0
*  pointer = 375
*  type = 
*  regions = ::AWController::aWRegion17 ::AWController::aWRegion18
*  start_sample = 772060
*  this = ::AWController::aWTrack9
*  total_samples = 3981300

[07-06-2013 04:22:55] Fetching track at index 64 (location 361920).
[07-06-2013 04:22:55] Fetching region at location 382736.
[07-06-2013 04:22:55] *Object Name: aWRegion19
*Object Class: ::AWRegion
*Object Details:
*  frames = 877 878 879 880 881 882 883 884 885 886 887 888 889 890 891 892 893 894 895 896 897 898 899 900 901 902 903 904 905 906 907 908 909 910 911 912 913 914 915 916 917 918 919 920 921 922 923 924 925 926 927 928 929 930 931 932 933 934 935 936 937 938 939 940 941 942 943 944 945 946 947 948 949 950 951 952 953 954 955 956 957 958
*  next_region = 381
*  offset_samples = 22
*  start_sample = 767960
*  this = ::AWController::aWRegion19
*  total_samples = 5308416
*  id = 379
*  name = 
*  parent = ::AWController::aWTrack10
*  pointer = 877
*  type = 

[07-06-2013 04:22:55] Fetching region at location 382832.
[07-06-2013 04:22:55] *Object Name: aWRegion20
*Object Class: ::AWRegion
*Object Details:
*  frames = 960 961 962 963 964 965 966 967 968 969 970 971 972 973 974 975 976 977 978 979 980 981 982 983 984 985 986 987 988 989 990 991 992 993
*  next_region = 65535
*  offset_samples = 22
*  start_sample = 7772096
*  this = ::AWController::aWRegion20
*  total_samples = 2189312
*  id = 381
*  name = 
*  parent = ::AWController::aWTrack10
*  pointer = 960
*  type = 

[07-06-2013 04:22:55] *Object Name: aWTrack10
*Object Class: ::AWTrack
*Object Details:
*  id = 64
*  name = A_DR_L
*  parent = ::AWController::aWSong0
*  pointer = 379
*  type = 
*  regions = ::AWController::aWRegion19 ::AWController::aWRegion20
*  start_sample = 767960
*  this = ::AWController::aWTrack10
*  total_samples = 3885032

[07-06-2013 04:22:55] Fetching track at index 72 (location 362176).
[07-06-2013 04:22:55] Fetching region at location 382928.
[07-06-2013 04:22:55] *Object Name: aWRegion21
*Object Class: ::AWRegion
*Object Details:
*  frames = 996 997 998 999 1000 1001 1002 1003 1004 1005 1006 1007 1008 1009 1010 1011 1012 1013 1014 1015 1016 1017 1018 1019 1020 1021 1022 1023 1024 1025 1026 1027 1028 1029 1030 1031 1032 1033 1034 1035 1036 1037 1038 1039 1040 1041 1042 1043 1044 1045 1046 1047 1048 1049 1050 1051 1052 1053 1054 1055 1056 1057 1058 1059 1060 1061 1062 1063 1064 1065 1066 1067 1068 1069 1070 1071 1072 1073 1074 1075 1076 1077
*  next_region = 385
*  offset_samples = 22
*  start_sample = 767960
*  this = ::AWController::aWRegion21
*  total_samples = 5308416
*  id = 383
*  name = 
*  parent = ::AWController::aWTrack11
*  pointer = 996
*  type = 

[07-06-2013 04:22:55] Fetching region at location 383024.
[07-06-2013 04:22:55] *Object Name: aWRegion22
*Object Class: ::AWRegion
*Object Details:
*  frames = 1079 1080 1081 1082 1083 1084 1085 1086 1087 1088 1089 1090 1091 1092 1093 1094 1095 1096 1097 1098 1099 1100 1101 1102 1103 1104 1105 1106 1107 1108 1109 1110 1111 1112
*  next_region = 65535
*  offset_samples = 22
*  start_sample = 7772096
*  this = ::AWController::aWRegion22
*  total_samples = 2189312
*  id = 385
*  name = 
*  parent = ::AWController::aWTrack11
*  pointer = 1079
*  type = 

[07-06-2013 04:22:55] *Object Name: aWTrack11
*Object Class: ::AWTrack
*Object Details:
*  id = 72
*  name = A_DR_R
*  parent = ::AWController::aWSong0
*  pointer = 383
*  type = 
*  regions = ::AWController::aWRegion21 ::AWController::aWRegion22
*  start_sample = 767960
*  this = ::AWController::aWTrack11
*  total_samples = 3885032

[07-06-2013 04:22:55] Fetching track at index 80 (location 362432).
[07-06-2013 04:22:55] Fetching region at location 383120.
[07-06-2013 04:22:55] *Object Name: aWRegion23
*Object Class: ::AWRegion
*Object Details:
*  frames = 1115 1116 1117 1118 1119 1120 1121 1122 1123 1124 1125 1126 1127 1128 1129 1130
*  next_region = 389
*  offset_samples = 22
*  start_sample = 96228
*  this = ::AWController::aWRegion23
*  total_samples = 991232
*  id = 387
*  name = 
*  parent = ::AWController::aWTrack12
*  pointer = 1115
*  type = 

[07-06-2013 04:22:55] Fetching region at location 383216.
[07-06-2013 04:22:55] *Object Name: aWRegion24
*Object Class: ::AWRegion
*Object Details:
*  frames = 1133 1134 1135 1136 1137 1138 1139 1140 1141 1142 1143 1144 1145 1146
*  next_region = 391
*  offset_samples = 22
*  start_sample = 4616124
*  this = ::AWController::aWRegion24
*  total_samples = 901120
*  id = 389
*  name = 
*  parent = ::AWController::aWTrack12
*  pointer = 1133
*  type = 

[07-06-2013 04:22:55] Fetching region at location 383312.
[07-06-2013 04:22:55] *Object Name: aWRegion25
*Object Class: ::AWRegion
*Object Details:
*  frames = 1148 1149 1150 1151 1152 1153 1154 1155 1156 1157 1158 1159 1160 1161 1162 1163 1164 1165 1166 1167 1168 1169 1170 1171 1172 1173 1174
*  next_region = 65535
*  offset_samples = 22
*  start_sample = 7837632
*  this = ::AWController::aWRegion25
*  total_samples = 1728512
*  id = 391
*  name = 
*  parent = ::AWController::aWTrack12
*  pointer = 1148
*  type = 

[07-06-2013 04:22:55] *Object Name: aWTrack12
*Object Class: ::AWTrack
*Object Details:
*  id = 80
*  name = CHORUS_L
*  parent = ::AWController::aWSong0
*  pointer = 387
*  type = 
*  regions = ::AWController::aWRegion23 ::AWController::aWRegion24 ::AWController::aWRegion25
*  start_sample = 96228
*  this = ::AWController::aWTrack12
*  total_samples = 5040132

[07-06-2013 04:22:55] Fetching track at index 88 (location 362688).
[07-06-2013 04:22:55] Fetching region at location 383408.
[07-06-2013 04:22:55] *Object Name: aWRegion26
*Object Class: ::AWRegion
*Object Details:
*  frames = 1177 1178 1179 1180 1181 1182 1183 1184 1185 1186 1187 1188 1189 1190 1191 1192
*  next_region = 395
*  offset_samples = 22
*  start_sample = 96228
*  this = ::AWController::aWRegion26
*  total_samples = 991232
*  id = 393
*  name = 
*  parent = ::AWController::aWTrack13
*  pointer = 1177
*  type = 

[07-06-2013 04:22:55] Fetching region at location 383504.
[07-06-2013 04:22:55] *Object Name: aWRegion27
*Object Class: ::AWRegion
*Object Details:
*  frames = 1195 1196 1197 1198 1199 1200 1201 1202 1203 1204 1205 1206 1207 1208
*  next_region = 397
*  offset_samples = 22
*  start_sample = 4616124
*  this = ::AWController::aWRegion27
*  total_samples = 901120
*  id = 395
*  name = 
*  parent = ::AWController::aWTrack13
*  pointer = 1195
*  type = 

[07-06-2013 04:22:55] Fetching region at location 383600.
[07-06-2013 04:22:55] *Object Name: aWRegion28
*Object Class: ::AWRegion
*Object Details:
*  frames = 1210 1211 1212 1213 1214 1215 1216 1217 1218 1219 1220 1221 1222 1223 1224 1225 1226 1227 1228 1229 1230 1231 1232 1233 1234 1235 1236
*  next_region = 65535
*  offset_samples = 22
*  start_sample = 7837632
*  this = ::AWController::aWRegion28
*  total_samples = 1728512
*  id = 397
*  name = 
*  parent = ::AWController::aWTrack13
*  pointer = 1210
*  type = 

[07-06-2013 04:22:55] *Object Name: aWTrack13
*Object Class: ::AWTrack
*Object Details:
*  id = 88
*  name = CHORUS_R
*  parent = ::AWController::aWSong0
*  pointer = 393
*  type = 
*  regions = ::AWController::aWRegion26 ::AWController::aWRegion27 ::AWController::aWRegion28
*  start_sample = 96228
*  this = ::AWController::aWTrack13
*  total_samples = 5040132

[07-06-2013 04:22:55] Fetching track at index 96 (location 362944).
[07-06-2013 04:22:55] Fetching region at location 383696.
[07-06-2013 04:22:55] *Object Name: aWRegion29
*Object Class: ::AWRegion
*Object Details:
*  frames = 1239 1240 1241 1242 1243 1244 1245 1246 1247 1248 1249 1250 1251 1252 1253 1254 1255 1256 1257 1258 1259 1260 1261 1262 1263 1264 1265 1266 1267 1268 1269 1270 1271
*  next_region = 401
*  offset_samples = 22
*  start_sample = 5810132
*  this = ::AWController::aWRegion29
*  total_samples = 2129920
*  id = 399
*  name = 
*  parent = ::AWController::aWTrack14
*  pointer = 1239
*  type = 

[07-06-2013 04:22:55] Fetching region at location 383792.
[07-06-2013 04:22:55] *Object Name: aWRegion30
*Object Class: ::AWRegion
*Object Details:
*  frames = 1272 1273 1274 1275 1276 1277 1278 1279 1280 1281 1282 1283 1284 1285
*  next_region = 65535
*  offset_samples = 22
*  start_sample = 8648672
*  this = ::AWController::aWRegion30
*  total_samples = 851968
*  id = 401
*  name = 
*  parent = ::AWController::aWTrack14
*  pointer = 1272
*  type = 

[07-06-2013 04:22:55] *Object Name: aWTrack14
*Object Class: ::AWTrack
*Object Details:
*  id = 96
*  name = EDR_SQ_L
*  parent = ::AWController::aWSong0
*  pointer = 399
*  type = 
*  regions = ::AWController::aWRegion29 ::AWController::aWRegion30
*  start_sample = 5810132
*  this = ::AWController::aWTrack14
*  total_samples = 1560588

[07-06-2013 04:22:55] Fetching track at index 104 (location 363200).
[07-06-2013 04:22:55] Fetching region at location 383888.
[07-06-2013 04:22:55] *Object Name: aWRegion31
*Object Class: ::AWRegion
*Object Details:
*  frames = 1287 1288 1289 1290 1291 1292 1293 1294 1295 1296 1297 1298 1299 1300 1301 1302 1303 1304 1305 1306 1307 1308 1309 1310 1311 1312 1313 1314 1315 1316 1317 1318 1319
*  next_region = 405
*  offset_samples = 22
*  start_sample = 5810132
*  this = ::AWController::aWRegion31
*  total_samples = 2129920
*  id = 403
*  name = 
*  parent = ::AWController::aWTrack15
*  pointer = 1287
*  type = 

[07-06-2013 04:22:55] Fetching region at location 383984.
[07-06-2013 04:22:55] *Object Name: aWRegion32
*Object Class: ::AWRegion
*Object Details:
*  frames = 1320 1321 1322 1323 1324 1325 1326 1327 1328 1329 1330 1331 1332 1333
*  next_region = 65535
*  offset_samples = 22
*  start_sample = 8648672
*  this = ::AWController::aWRegion32
*  total_samples = 851968
*  id = 405
*  name = 
*  parent = ::AWController::aWTrack15
*  pointer = 1320
*  type = 

[07-06-2013 04:22:55] *Object Name: aWTrack15
*Object Class: ::AWTrack
*Object Details:
*  id = 104
*  name = EDR_SQ_R
*  parent = ::AWController::aWSong0
*  pointer = 403
*  type = 
*  regions = ::AWController::aWRegion31 ::AWController::aWRegion32
*  start_sample = 5810132
*  this = ::AWController::aWTrack15
*  total_samples = 1560588

[07-06-2013 04:22:55] Fetching track at index 112 (location 363456).
[07-06-2013 04:22:55] Fetching region at location 384080.
[07-06-2013 04:22:55] *Object Name: aWRegion33
*Object Class: ::AWRegion
*Object Details:
*  frames = 1335 1336 1337 1338 1339 1340 1341 1342 1343 1344 1345 1346 1347 1348 1349 1350 1351 1352 1353 1354 1355 1356 1357 1358 1359 1360 1361 1362 1363 1364 1365 1366 1367 1368 1369 1370 1371 1372 1373 1374 1375 1376 1377 1378 1379 1380 1381 1382 1383 1384 1385 1386 1387 1388 1389 1390 1391 1392 1393 1394 1395 1396 1397 1398 1399 1400 1401 1402 1403 1404 1405 1406 1407 1408 1409 1410 1411 1412 1413 1414 1415 1416 1417 1418
*  next_region = 409
*  offset_samples = 22
*  start_sample = 888792
*  this = ::AWController::aWRegion33
*  total_samples = 5439488
*  id = 407
*  name = 
*  parent = ::AWController::aWTrack16
*  pointer = 1335
*  type = 

[07-06-2013 04:22:55] Fetching region at location 384176.
[07-06-2013 04:22:55] *Object Name: aWRegion34
*Object Class: ::AWRegion
*Object Details:
*  frames = 1420 1421 1422 1423 1424 1425 1426 1427 1428 1429 1430 1431 1432 1433 1434 1435 1436 1437 1438 1439 1440 1441 1442 1443 1444 1445 1446 1447 1448 1449 1450 1451
*  next_region = 65535
*  offset_samples = 22
*  start_sample = 7845832
*  this = ::AWController::aWRegion34
*  total_samples = 2093056
*  id = 409
*  name = 
*  parent = ::AWController::aWTrack16
*  pointer = 1420
*  type = 

[07-06-2013 04:22:55] *Object Name: aWTrack16
*Object Class: ::AWTrack
*Object Details:
*  id = 112
*  name = DISTGT_L
*  parent = ::AWController::aWSong0
*  pointer = 407
*  type = 
*  regions = ::AWController::aWRegion33 ::AWController::aWRegion34
*  start_sample = 888792
*  this = ::AWController::aWTrack16
*  total_samples = 3610608

[07-06-2013 04:22:55] Fetching track at index 113 (location 363488).
[07-06-2013 04:22:55] Fetching region at location 384656.
[07-06-2013 04:22:55] *Object Name: aWRegion35
*Object Class: ::AWRegion
*Object Details:
*  frames = 1452 1453 1454 1455 1456 1457 1458 1459 1460 1461 1462 1463 1464 1465 1466 1467 1468 1469 1470 1471 1472 1473 1474 1475 1476 1477 1478 1479 1480 1565 1566 1567 1568 1569 1570 1571 1572 1573 1574 1575 1576 1577 1578 1579 1580 1581 1582 1583 1584 1585 1586 1587 1588 1589 1590 1591 1592 1593 1594 1595 1596 1597 1598 1599 1600 1633 1634 1635 1636 1637 1638 1639 1640 1641 1642 1643 1644 1645 1646 1647 1648 1649 1650 1651 1652
*  next_region = 421
*  offset_samples = 22
*  start_sample = 802756
*  this = ::AWController::aWRegion35
*  total_samples = 5505024
*  id = 419
*  name = 
*  parent = ::AWController::aWTrack17
*  pointer = 1452
*  type = 

[07-06-2013 04:22:55] Fetching region at location 384752.
[07-06-2013 04:22:55] *Object Name: aWRegion36
*Object Class: ::AWRegion
*Object Details:
*  frames = 1655 1656 1657 1658 1659 1660 1661 1662 1663 1664 1665 1666 1667 1668 1669 1670 1671 1672 1673 1674 1675 1676 1677 1678 1679 1680 1681 1682 1683 1684 1685 1686
*  next_region = 65535
*  offset_samples = 22
*  start_sample = 7841732
*  this = ::AWController::aWRegion36
*  total_samples = 2073600
*  id = 421
*  name = 
*  parent = ::AWController::aWTrack17
*  pointer = 1655
*  type = 

[07-06-2013 04:22:55] *Object Name: aWTrack17
*Object Class: ::AWTrack
*Object Details:
*  id = 113
*  name = CUT_GT_L
*  parent = ::AWController::aWSong0
*  pointer = 419
*  type = 
*  regions = ::AWController::aWRegion35 ::AWController::aWRegion36
*  start_sample = 802756
*  this = ::AWController::aWTrack17
*  total_samples = 3607552

[07-06-2013 04:22:55] Fetching track at index 120 (location 363712).
[07-06-2013 04:22:55] Fetching region at location 384272.
[07-06-2013 04:22:56] *Object Name: aWRegion37
*Object Class: ::AWRegion
*Object Details:
*  frames = 1481 1482 1483 1484 1485 1486 1487 1488 1489 1490 1491 1492 1493 1494 1495 1496 1497 1498 1499 1500 1501 1502 1503 1504 1505 1506 1507 1508 1509 1510 1511 1512 1513 1514 1515 1516 1517 1518 1519 1520 1521 1522 1523 1524 1525 1526 1527 1528 1529 1530 1531 1532 1533 1534 1535 1536 1537 1538 1539 1540 1541 1542 1543 1544 1545 1546 1547 1548 1549 1550 1551 1552 1553 1554 1555 1556 1557 1558 1559 1560 1561 1562 1563 1564
*  next_region = 413
*  offset_samples = 22
*  start_sample = 888792
*  this = ::AWController::aWRegion37
*  total_samples = 5439488
*  id = 411
*  name = 
*  parent = ::AWController::aWTrack18
*  pointer = 1481
*  type = 

[07-06-2013 04:22:56] Fetching region at location 384368.
[07-06-2013 04:22:56] *Object Name: aWRegion38
*Object Class: ::AWRegion
*Object Details:
*  frames = 1601 1602 1603 1604 1605 1606 1607 1608 1609 1610 1611 1612 1613 1614 1615 1616 1617 1618 1619 1620 1621 1622 1623 1624 1625 1626 1627 1628 1629 1630 1631 1632
*  next_region = 65535
*  offset_samples = 22
*  start_sample = 7845832
*  this = ::AWController::aWRegion38
*  total_samples = 2093056
*  id = 413
*  name = 
*  parent = ::AWController::aWTrack18
*  pointer = 1601
*  type = 

[07-06-2013 04:22:56] *Object Name: aWTrack18
*Object Class: ::AWTrack
*Object Details:
*  id = 120
*  name = DISTGT_R
*  parent = ::AWController::aWSong0
*  pointer = 411
*  type = 
*  regions = ::AWController::aWRegion37 ::AWController::aWRegion38
*  start_sample = 888792
*  this = ::AWController::aWTrack18
*  total_samples = 3610608

[07-06-2013 04:22:56] Fetching track at index 121 (location 363744).
[07-06-2013 04:22:56] Fetching region at location 384464.
[07-06-2013 04:22:56] *Object Name: aWRegion39
*Object Class: ::AWRegion
*Object Details:
*  frames = 1688 1689 1690 1691 1692 1693 1694 1695 1696 1697 1698 1699 1700 1701 1702 1703 1704 1705 1706 1707 1708 1709 1710 1711 1712 1713 1714 1715 1716 1717 1718 1719 1720 1721 1722 1723 1724 1725 1726 1727 1728 1729 1730 1731 1732 1733 1734 1735 1736 1737 1738 1739 1740 1741 1742 1743 1744 1745 1746 1747 1748 1749 1750 1751 1752 1753 1754 1755 1756 1757 1758 1759 1760 1761 1762 1763 1764 1765 1766 1767 1768 1769 1770 1771 1772
*  next_region = 417
*  offset_samples = 22
*  start_sample = 802756
*  this = ::AWController::aWRegion39
*  total_samples = 5505024
*  id = 415
*  name = 
*  parent = ::AWController::aWTrack19
*  pointer = 1688
*  type = 

[07-06-2013 04:22:56] Fetching region at location 384560.
[07-06-2013 04:22:56] *Object Name: aWRegion40
*Object Class: ::AWRegion
*Object Details:
*  frames = 1775 1776 1777 1778 1779 1780 1781 1782 1783 1784 1785 1786 1787 1788 1789 1790 1791 1792 1793 1794 1795 1796 1797 1798 1799 1800 1801 1802 1803 1804 1805 1806
*  next_region = 65535
*  offset_samples = 22
*  start_sample = 7841732
*  this = ::AWController::aWRegion40
*  total_samples = 2073600
*  id = 417
*  name = 
*  parent = ::AWController::aWTrack19
*  pointer = 1775
*  type = 

[07-06-2013 04:22:56] *Object Name: aWTrack19
*Object Class: ::AWTrack
*Object Details:
*  id = 121
*  name = CUT_GT_R
*  parent = ::AWController::aWSong0
*  pointer = 415
*  type = 
*  regions = ::AWController::aWRegion39 ::AWController::aWRegion40
*  start_sample = 802756
*  this = ::AWController::aWTrack19
*  total_samples = 3607552

[07-06-2013 04:22:56] *Object Name: aWSong0
*Object Class: ::AWSong
*Object Details:
*  bits = 16
*  date = 0
*  description = None
*  location = 350208
*  offset = 0
*  rate = 44100
*  this = ::AWController::aWSong0
*  tracks = ::AWController::aWTrack0 ::AWController::aWTrack1 ::AWController::aWTrack2 ::AWController::aWTrack3 ::AWController::aWTrack4 ::AWController::aWTrack5 ::AWController::aWTrack6 ::AWController::aWTrack7 ::AWController::aWTrack8 ::AWController::aWTrack9 ::AWController::aWTrack10 ::AWController::aWTrack11 ::AWController::aWTrack12 ::AWController::aWTrack13 ::AWController::aWTrack14 ::AWController::aWTrack15 ::AWController::aWTrack16 ::AWController::aWTrack17 ::AWController::aWTrack18 ::AWController::aWTrack19
*  id = 0
*  name = Ride with me
*  parent = ::aWController0
*  pointer = 0
*  type = AW2816

[07-06-2013 04:22:56] DATA: 0 AW2816 {Ride with me} 16 44100 {0} 0 {VO_EBDSN} 00:00:37 00:02:58
[07-06-2013 04:22:56] DATA: 0 AW2816 {Ride with me} 16 44100 {0} 8 {SLGT_CGT} 00:01:05 00:01:41
[07-06-2013 04:22:56] DATA: 0 AW2816 {Ride with me} 16 44100 {0} 16 {SYN_BASS} 00:00:20 00:03:24
[07-06-2013 04:22:56] DATA: 0 AW2816 {Ride with me} 16 44100 {0} 17 {E_BASS} 00:00:20 00:03:24
[07-06-2013 04:22:56] DATA: 0 AW2816 {Ride with me} 16 44100 {0} 18 {V_TR 3_3} 00:00:20 00:03:24
[07-06-2013 04:22:56] DATA: 0 AW2816 {Ride with me} 16 44100 {0} 24 {STRG_SCR} 00:00:19 00:02:59
[07-06-2013 04:22:56] DATA: 0 AW2816 {Ride with me} 16 44100 {0} 32 {SAMPLERL} 00:01:42 00:00:51
[07-06-2013 04:22:56] DATA: 0 AW2816 {Ride with me} 16 44100 {0} 40 {SAMPLERR} 00:01:42 00:00:51
[07-06-2013 04:22:56] DATA: 0 AW2816 {Ride with me} 16 44100 {0} 48 {A_BD} 00:00:17 00:01:30
[07-06-2013 04:22:56] DATA: 0 AW2816 {Ride with me} 16 44100 {0} 56 {A_SN} 00:00:17 00:01:30
[07-06-2013 04:22:56] DATA: 0 AW2816 {Ride with me} 16 44100 {0} 64 {A_DR_L} 00:00:17 00:01:28
[07-06-2013 04:22:56] DATA: 0 AW2816 {Ride with me} 16 44100 {0} 72 {A_DR_R} 00:00:17 00:01:28
[07-06-2013 04:22:56] DATA: 0 AW2816 {Ride with me} 16 44100 {0} 80 {CHORUS_L} 00:00:02 00:01:54
[07-06-2013 04:22:56] DATA: 0 AW2816 {Ride with me} 16 44100 {0} 88 {CHORUS_R} 00:00:02 00:01:54
[07-06-2013 04:22:56] DATA: 0 AW2816 {Ride with me} 16 44100 {0} 96 {EDR_SQ_L} 00:02:11 00:00:35
[07-06-2013 04:22:56] DATA: 0 AW2816 {Ride with me} 16 44100 {0} 104 {EDR_SQ_R} 00:02:11 00:00:35
[07-06-2013 04:22:56] DATA: 0 AW2816 {Ride with me} 16 44100 {0} 112 {DISTGT_L} 00:00:20 00:01:21
[07-06-2013 04:22:56] DATA: 0 AW2816 {Ride with me} 16 44100 {0} 113 {CUT_GT_L} 00:00:18 00:01:21
[07-06-2013 04:22:56] DATA: 0 AW2816 {Ride with me} 16 44100 {0} 120 {DISTGT_R} 00:00:20 00:01:21
[07-06-2013 04:22:56] DATA: 0 AW2816 {Ride with me} 16 44100 {0} 121 {CUT_GT_R} 00:00:18 00:01:21
[07-06-2013 04:23:55] EXIT
